{
  "RSpec": {
    "coverage": {
      "/Users/ode/Koulu/ratebeer/app/models/rating.rb": [
        1,
        1,
        1,
        null,
        1,
        null,
        null,
        null,
        1,
        30,
        null,
        null
      ],
      "/Users/ode/Koulu/ratebeer/app/helpers/application_helper.rb": [
        1,
        null
      ],
      "/Users/ode/Koulu/ratebeer/app/helpers/beer_clubs_helper.rb": [
        1,
        null
      ],
      "/Users/ode/Koulu/ratebeer/app/helpers/beers_helper.rb": [
        1,
        null
      ],
      "/Users/ode/Koulu/ratebeer/app/helpers/breweries_helper.rb": [
        1,
        null
      ],
      "/Users/ode/Koulu/ratebeer/app/helpers/memberships_helper.rb": [
        1,
        null
      ],
      "/Users/ode/Koulu/ratebeer/app/helpers/users_helper.rb": [
        1,
        null
      ],
      "/Users/ode/Koulu/ratebeer/app/models/beer.rb": [
        1,
        1,
        null,
        1,
        null,
        1,
        1,
        1,
        1,
        null,
        1,
        1,
        null,
        1,
        2,
        null,
        null
      ],
      "/Users/ode/Koulu/ratebeer/app/models/concerns/rating_average.rb": [
        1,
        1,
        null,
        1,
        43,
        null,
        null
      ],
      "/Users/ode/Koulu/ratebeer/app/models/brewery.rb": [
        1,
        1,
        null,
        1,
        null,
        1,
        42,
        null,
        1,
        1,
        null,
        null
      ],
      "/Users/ode/Koulu/ratebeer/app/models/user.rb": [
        1,
        1,
        null,
        1,
        null,
        1,
        null,
        1,
        null,
        null,
        null,
        1,
        1,
        1,
        1,
        null,
        1,
        11,
        37,
        null,
        null,
        1,
        11,
        null,
        37,
        11,
        11,
        null,
        null,
        null,
        19,
        null,
        30,
        null,
        null,
        1,
        14,
        null,
        49,
        13,
        13,
        null,
        null,
        null,
        23,
        null,
        36,
        null,
        null
      ],
      "/Users/ode/Koulu/ratebeer/app/models/style.rb": [
        1,
        1,
        null
      ],
      "/Users/ode/Koulu/ratebeer/app/controllers/sessions_controller.rb": [
        1,
        1,
        null,
        null,
        null,
        1,
        10,
        10,
        9,
        9,
        null,
        1,
        null,
        null,
        null,
        1,
        null,
        0,
        null,
        0,
        null,
        null
      ],
      "/Users/ode/Koulu/ratebeer/app/controllers/application_controller.rb": [
        1,
        null,
        null,
        1,
        null,
        null,
        1,
        null,
        1,
        151,
        102,
        null,
        null,
        1,
        4,
        null,
        null
      ],
      "/Users/ode/Koulu/ratebeer/app/controllers/users_controller.rb": [
        1,
        1,
        null,
        null,
        null,
        1,
        0,
        null,
        null,
        null,
        null,
        1,
        21,
        null,
        null,
        null,
        1,
        1,
        null,
        null,
        null,
        1,
        null,
        null,
        null,
        null,
        1,
        1,
        null,
        1,
        1,
        2,
        1,
        null,
        0,
        0,
        null,
        null,
        null,
        null,
        null,
        null,
        1,
        0,
        0,
        0,
        0,
        null,
        0,
        0,
        null,
        null,
        null,
        null,
        null,
        null,
        1,
        0,
        0,
        0,
        0,
        0,
        0,
        null,
        null,
        null,
        null,
        1,
        null,
        1,
        21,
        null,
        null,
        null,
        1,
        1,
        null,
        null
      ],
      "/Users/ode/Koulu/ratebeer/app/models/membership.rb": [
        1,
        1,
        1,
        null,
        1,
        0,
        null,
        null
      ],
      "/Users/ode/Koulu/ratebeer/app/controllers/beers_controller.rb": [
        1,
        1,
        1,
        1,
        null,
        null,
        null,
        1,
        1,
        null,
        null,
        null,
        null,
        1,
        0,
        0,
        null,
        null,
        null,
        1,
        2,
        null,
        null,
        null,
        1,
        null,
        null,
        null,
        null,
        1,
        2,
        null,
        2,
        2,
        2,
        1,
        null,
        1,
        2,
        1,
        null,
        null,
        null,
        null,
        null,
        null,
        1,
        0,
        0,
        0,
        0,
        null,
        0,
        0,
        null,
        null,
        null,
        null,
        null,
        null,
        1,
        0,
        0,
        0,
        0,
        null,
        null,
        null,
        1,
        null,
        1,
        0,
        null,
        null,
        null,
        1,
        2,
        null,
        null,
        1,
        5,
        5,
        null,
        null
      ],
      "/Users/ode/Koulu/ratebeer/app/controllers/breweries_controller.rb": [
        1,
        1,
        1,
        null,
        null,
        null,
        1,
        3,
        null,
        null,
        null,
        null,
        1,
        null,
        null,
        null,
        1,
        0,
        null,
        null,
        null,
        1,
        null,
        null,
        null,
        null,
        1,
        0,
        null,
        0,
        0,
        0,
        0,
        null,
        0,
        0,
        null,
        null,
        null,
        null,
        null,
        null,
        1,
        0,
        0,
        0,
        0,
        null,
        0,
        0,
        null,
        null,
        null,
        null,
        null,
        null,
        1,
        0,
        0,
        0,
        0,
        null,
        null,
        null,
        1,
        null,
        1,
        1,
        null,
        null,
        null,
        1,
        0,
        null,
        null
      ],
      "/Users/ode/Koulu/ratebeer/lib/beermapping_api.rb": [
        1,
        1,
        5,
        9,
        null,
        null,
        1,
        null,
        1,
        4,
        null,
        4,
        4,
        null,
        4,
        null,
        3,
        3,
        11,
        null,
        null,
        null,
        1,
        4,
        null,
        null
      ],
      "/Users/ode/Koulu/ratebeer/app/models/place.rb": [
        1,
        1,
        7,
        null,
        null
      ],
      "/Users/ode/Koulu/ratebeer/app/controllers/places_controller.rb": [
        1,
        null,
        1,
        1,
        null,
        1,
        null,
        null,
        1,
        0,
        null,
        null,
        1,
        3,
        3,
        3,
        1,
        null,
        2,
        null,
        null,
        null,
        1,
        null,
        1,
        4,
        1,
        null,
        null,
        null
      ],
      "/Users/ode/Koulu/ratebeer/app/controllers/ratings_controller.rb": [
        1,
        1,
        2,
        null,
        null,
        1,
        1,
        1,
        null,
        null,
        1,
        1,
        1,
        0,
        1,
        1,
        1,
        null,
        0,
        0,
        null,
        null,
        null,
        1,
        2,
        2,
        2,
        null,
        null
      ],
      "/Users/ode/Koulu/ratebeer/app/controllers/beer_clubs_controller.rb": [
        0,
        0,
        0,
        0,
        0,
        0,
        0,
        0,
        0,
        0,
        0,
        0,
        0,
        0,
        0,
        0,
        0,
        0,
        0,
        0,
        0,
        0,
        0,
        0,
        0,
        0,
        0,
        0,
        0,
        0,
        0,
        0,
        0,
        0,
        0,
        0,
        0,
        0,
        0,
        0,
        0,
        0,
        0,
        0,
        0,
        0,
        0,
        0,
        0,
        0,
        0,
        0,
        0,
        0,
        0,
        0,
        0,
        0,
        0,
        0,
        0,
        0,
        0,
        0,
        0,
        0,
        0,
        0,
        0,
        0,
        0,
        0,
        0,
        0,
        0,
        0,
        0,
        0,
        0,
        0,
        0,
        0,
        0,
        0,
        0,
        0,
        0,
        0,
        0,
        0,
        0,
        0,
        0,
        0,
        0,
        0
      ],
      "/Users/ode/Koulu/ratebeer/app/controllers/memberships_controller.rb": [
        0,
        0,
        0,
        0,
        0,
        0,
        0,
        0,
        0,
        0,
        0,
        0,
        0,
        0,
        0,
        0,
        0,
        0,
        0,
        0,
        0,
        0,
        0,
        0,
        0,
        0,
        0,
        0,
        0,
        0,
        0,
        0,
        0,
        0,
        0,
        0,
        0,
        0,
        0,
        0,
        0,
        0,
        0,
        0,
        0,
        0,
        0,
        0,
        0,
        0,
        0,
        0,
        0,
        0,
        0,
        0,
        0,
        0,
        0,
        0,
        0,
        0,
        0,
        0,
        0,
        0,
        0,
        0,
        0,
        0,
        0,
        0,
        0,
        0
      ],
      "/Users/ode/Koulu/ratebeer/app/controllers/styles_controller.rb": [
        0,
        0,
        0,
        0,
        0,
        0,
        0,
        0,
        0,
        0,
        0,
        0,
        0,
        0,
        0,
        0,
        0,
        0,
        0,
        0,
        0,
        0,
        0,
        0,
        0
      ],
      "/Users/ode/Koulu/ratebeer/app/models/beer_club.rb": [
        0,
        0,
        0,
        0,
        0,
        0,
        0,
        0
      ]
    },
    "timestamp": 1487540468
  }
}
